Analysis & Synthesis report for cpu
Mon Dec  2 17:08:40 2024
Quartus Prime Version 21.1.0 Build 842 10/21/2021 SJ Lite Edition


---------------------
; Table of Contents ;
---------------------
  1. Legal Notice
  2. Analysis & Synthesis Summary
  3. Analysis & Synthesis Settings
  4. Parallel Compilation
  5. Analysis & Synthesis Source Files Read
  6. Analysis & Synthesis Resource Usage Summary
  7. Analysis & Synthesis Resource Utilization by Entity
  8. Analysis & Synthesis IP Cores Summary
  9. State Machine - |cpu|state_alu_monitor
 10. State Machine - |cpu|state_monitor
 11. State Machine - |cpu|alu_state
 12. State Machine - |cpu|state
 13. Registers Removed During Synthesis
 14. Removed Registers Triggering Further Register Optimizations
 15. General Register Statistics
 16. Multiplexer Restructuring Statistics (Restructuring Performed)
 17. Source assignments for memoria:memory_inst|altsyncram:altsyncram_component|altsyncram_ve34:auto_generated
 18. Parameter Settings for User Entity Instance: memoria:memory_inst|altsyncram:altsyncram_component
 19. altsyncram Parameter Settings by Entity Instance
 20. Port Connectivity Checks: "io_module:io_inst"
 21. Port Connectivity Checks: "alu:alu_inst"
 22. Post-Synthesis Netlist Statistics for Top Partition
 23. Elapsed Time Per Partition
 24. Analysis & Synthesis Messages



----------------
; Legal Notice ;
----------------
Copyright (C) 2021  Intel Corporation. All rights reserved.
Your use of Intel Corporation's design tools, logic functions 
and other software and tools, and any partner logic 
functions, and any output files from any of the foregoing 
(including device programming or simulation files), and any 
associated documentation or information are expressly subject 
to the terms and conditions of the Intel Program License 
Subscription Agreement, the Intel Quartus Prime License Agreement,
the Intel FPGA IP License Agreement, or other applicable license
agreement, including, without limitation, that your use is for
the sole purpose of programming logic devices manufactured by
Intel and sold by Intel or its authorized distributors.  Please
refer to the applicable agreement for further details, at
https://fpgasoftware.intel.com/eula.



+-------------------------------------------------------------------------------+
; Analysis & Synthesis Summary                                                  ;
+---------------------------------+---------------------------------------------+
; Analysis & Synthesis Status     ; Successful - Mon Dec  2 17:08:40 2024       ;
; Quartus Prime Version           ; 21.1.0 Build 842 10/21/2021 SJ Lite Edition ;
; Revision Name                   ; cpu                                         ;
; Top-level Entity Name           ; cpu                                         ;
; Family                          ; Cyclone V                                   ;
; Logic utilization (in ALMs)     ; N/A                                         ;
; Total registers                 ; 0                                           ;
; Total pins                      ; 2                                           ;
; Total virtual pins              ; 0                                           ;
; Total block memory bits         ; 0                                           ;
; Total DSP Blocks                ; 0                                           ;
; Total HSSI RX PCSs              ; 0                                           ;
; Total HSSI PMA RX Deserializers ; 0                                           ;
; Total HSSI TX PCSs              ; 0                                           ;
; Total HSSI PMA TX Serializers   ; 0                                           ;
; Total PLLs                      ; 0                                           ;
; Total DLLs                      ; 0                                           ;
+---------------------------------+---------------------------------------------+


+---------------------------------------------------------------------------------------------------------------------------+
; Analysis & Synthesis Settings                                                                                             ;
+---------------------------------------------------------------------------------+--------------------+--------------------+
; Option                                                                          ; Setting            ; Default Value      ;
+---------------------------------------------------------------------------------+--------------------+--------------------+
; Device                                                                          ; 5CEBA7F23C7        ;                    ;
; Top-level entity name                                                           ; cpu                ; cpu                ;
; Family name                                                                     ; Cyclone V          ; Cyclone V          ;
; Use smart compilation                                                           ; Off                ; Off                ;
; Enable parallel Assembler and Timing Analyzer during compilation                ; On                 ; On                 ;
; Enable compact report table                                                     ; Off                ; Off                ;
; Restructure Multiplexers                                                        ; Auto               ; Auto               ;
; MLAB Add Timing Constraints For Mixed-Port Feed-Through Mode Setting Don't Care ; Off                ; Off                ;
; Create Debugging Nodes for IP Cores                                             ; Off                ; Off                ;
; Preserve fewer node names                                                       ; On                 ; On                 ;
; Intel FPGA IP Evaluation Mode                                                   ; Enable             ; Enable             ;
; Verilog Version                                                                 ; Verilog_2001       ; Verilog_2001       ;
; VHDL Version                                                                    ; VHDL_1993          ; VHDL_1993          ;
; State Machine Processing                                                        ; Auto               ; Auto               ;
; Safe State Machine                                                              ; Off                ; Off                ;
; Extract Verilog State Machines                                                  ; On                 ; On                 ;
; Extract VHDL State Machines                                                     ; On                 ; On                 ;
; Ignore Verilog initial constructs                                               ; Off                ; Off                ;
; Iteration limit for constant Verilog loops                                      ; 5000               ; 5000               ;
; Iteration limit for non-constant Verilog loops                                  ; 250                ; 250                ;
; Add Pass-Through Logic to Inferred RAMs                                         ; On                 ; On                 ;
; Infer RAMs from Raw Logic                                                       ; On                 ; On                 ;
; Parallel Synthesis                                                              ; On                 ; On                 ;
; DSP Block Balancing                                                             ; Auto               ; Auto               ;
; NOT Gate Push-Back                                                              ; On                 ; On                 ;
; Power-Up Don't Care                                                             ; On                 ; On                 ;
; Remove Redundant Logic Cells                                                    ; Off                ; Off                ;
; Remove Duplicate Registers                                                      ; On                 ; On                 ;
; Ignore CARRY Buffers                                                            ; Off                ; Off                ;
; Ignore CASCADE Buffers                                                          ; Off                ; Off                ;
; Ignore GLOBAL Buffers                                                           ; Off                ; Off                ;
; Ignore ROW GLOBAL Buffers                                                       ; Off                ; Off                ;
; Ignore LCELL Buffers                                                            ; Off                ; Off                ;
; Ignore SOFT Buffers                                                             ; On                 ; On                 ;
; Limit AHDL Integers to 32 Bits                                                  ; Off                ; Off                ;
; Optimization Technique                                                          ; Balanced           ; Balanced           ;
; Carry Chain Length                                                              ; 70                 ; 70                 ;
; Auto Carry Chains                                                               ; On                 ; On                 ;
; Auto Open-Drain Pins                                                            ; On                 ; On                 ;
; Perform WYSIWYG Primitive Resynthesis                                           ; Off                ; Off                ;
; Auto ROM Replacement                                                            ; On                 ; On                 ;
; Auto RAM Replacement                                                            ; On                 ; On                 ;
; Auto DSP Block Replacement                                                      ; On                 ; On                 ;
; Auto Shift Register Replacement                                                 ; Auto               ; Auto               ;
; Allow Shift Register Merging across Hierarchies                                 ; Auto               ; Auto               ;
; Auto Clock Enable Replacement                                                   ; On                 ; On                 ;
; Strict RAM Replacement                                                          ; Off                ; Off                ;
; Allow Synchronous Control Signals                                               ; On                 ; On                 ;
; Force Use of Synchronous Clear Signals                                          ; Off                ; Off                ;
; Auto Resource Sharing                                                           ; Off                ; Off                ;
; Allow Any RAM Size For Recognition                                              ; Off                ; Off                ;
; Allow Any ROM Size For Recognition                                              ; Off                ; Off                ;
; Allow Any Shift Register Size For Recognition                                   ; Off                ; Off                ;
; Use LogicLock Constraints during Resource Balancing                             ; On                 ; On                 ;
; Ignore translate_off and synthesis_off directives                               ; Off                ; Off                ;
; Timing-Driven Synthesis                                                         ; On                 ; On                 ;
; Report Parameter Settings                                                       ; On                 ; On                 ;
; Report Source Assignments                                                       ; On                 ; On                 ;
; Report Connectivity Checks                                                      ; On                 ; On                 ;
; Ignore Maximum Fan-Out Assignments                                              ; Off                ; Off                ;
; Synchronization Register Chain Length                                           ; 3                  ; 3                  ;
; Power Optimization During Synthesis                                             ; Normal compilation ; Normal compilation ;
; HDL message level                                                               ; Level2             ; Level2             ;
; Suppress Register Optimization Related Messages                                 ; Off                ; Off                ;
; Number of Removed Registers Reported in Synthesis Report                        ; 5000               ; 5000               ;
; Number of Swept Nodes Reported in Synthesis Report                              ; 5000               ; 5000               ;
; Number of Inverted Registers Reported in Synthesis Report                       ; 100                ; 100                ;
; Clock MUX Protection                                                            ; On                 ; On                 ;
; Auto Gated Clock Conversion                                                     ; Off                ; Off                ;
; Block Design Naming                                                             ; Auto               ; Auto               ;
; SDC constraint protection                                                       ; Off                ; Off                ;
; Synthesis Effort                                                                ; Auto               ; Auto               ;
; Shift Register Replacement - Allow Asynchronous Clear Signal                    ; On                 ; On                 ;
; Pre-Mapping Resynthesis Optimization                                            ; Off                ; Off                ;
; Analysis & Synthesis Message Level                                              ; Medium             ; Medium             ;
; Disable Register Merging Across Hierarchies                                     ; Auto               ; Auto               ;
; Resource Aware Inference For Block RAM                                          ; On                 ; On                 ;
; Automatic Parallel Synthesis                                                    ; On                 ; On                 ;
; Partial Reconfiguration Bitstream ID                                            ; Off                ; Off                ;
+---------------------------------------------------------------------------------+--------------------+--------------------+


+------------------------------------------+
; Parallel Compilation                     ;
+----------------------------+-------------+
; Processors                 ; Number      ;
+----------------------------+-------------+
; Number detected on machine ; 12          ;
; Maximum allowed            ; 12          ;
;                            ;             ;
; Average used               ; 1.00        ;
; Maximum used               ; 1           ;
;                            ;             ;
; Usage by Processor         ; % Time Used ;
;     Processor 1            ; 100.0%      ;
+----------------------------+-------------+


+--------------------------------------------------------------------------------------------------------------------------------------------------------------------------------------+
; Analysis & Synthesis Source Files Read                                                                                                                                               ;
+----------------------------------+-----------------+----------------------------------------+------------------------------------------------------------------------------+---------+
; File Name with User-Entered Path ; Used in Netlist ; File Type                              ; File Name with Absolute Path                                                 ; Library ;
+----------------------------------+-----------------+----------------------------------------+------------------------------------------------------------------------------+---------+
; cpu.vhd                          ; yes             ; User VHDL File                         ; C:/cpu/cpu.vhd                                                               ;         ;
; memoria.vhd                      ; yes             ; User Wizard-Generated File             ; C:/cpu/memoria.vhd                                                           ;         ;
; alu.vhd                          ; yes             ; User VHDL File                         ; C:/cpu/alu.vhd                                                               ;         ;
; io_module.vhd                    ; yes             ; User VHDL File                         ; C:/cpu/io_module.vhd                                                         ;         ;
; altsyncram.tdf                   ; yes             ; Megafunction                           ; c:/intelfpga_lite/21.1/quartus/libraries/megafunctions/altsyncram.tdf        ;         ;
; stratix_ram_block.inc            ; yes             ; Megafunction                           ; c:/intelfpga_lite/21.1/quartus/libraries/megafunctions/stratix_ram_block.inc ;         ;
; lpm_mux.inc                      ; yes             ; Megafunction                           ; c:/intelfpga_lite/21.1/quartus/libraries/megafunctions/lpm_mux.inc           ;         ;
; lpm_decode.inc                   ; yes             ; Megafunction                           ; c:/intelfpga_lite/21.1/quartus/libraries/megafunctions/lpm_decode.inc        ;         ;
; aglobal211.inc                   ; yes             ; Megafunction                           ; c:/intelfpga_lite/21.1/quartus/libraries/megafunctions/aglobal211.inc        ;         ;
; a_rdenreg.inc                    ; yes             ; Megafunction                           ; c:/intelfpga_lite/21.1/quartus/libraries/megafunctions/a_rdenreg.inc         ;         ;
; altrom.inc                       ; yes             ; Megafunction                           ; c:/intelfpga_lite/21.1/quartus/libraries/megafunctions/altrom.inc            ;         ;
; altram.inc                       ; yes             ; Megafunction                           ; c:/intelfpga_lite/21.1/quartus/libraries/megafunctions/altram.inc            ;         ;
; altdpram.inc                     ; yes             ; Megafunction                           ; c:/intelfpga_lite/21.1/quartus/libraries/megafunctions/altdpram.inc          ;         ;
; db/altsyncram_ve34.tdf           ; yes             ; Auto-Generated Megafunction            ; C:/cpu/db/altsyncram_ve34.tdf                                                ;         ;
; memoria_dados.mif                ; yes             ; Auto-Found Memory Initialization File  ; C:/cpu/memoria_dados.mif                                                     ;         ;
+----------------------------------+-----------------+----------------------------------------+------------------------------------------------------------------------------+---------+


+-----------------------------------------------------+
; Analysis & Synthesis Resource Usage Summary         ;
+---------------------------------------------+-------+
; Resource                                    ; Usage ;
+---------------------------------------------+-------+
; Estimate of Logic utilization (ALMs needed) ; 0     ;
;                                             ;       ;
; Combinational ALUT usage for logic          ; 0     ;
;     -- 7 input functions                    ; 0     ;
;     -- 6 input functions                    ; 0     ;
;     -- 5 input functions                    ; 0     ;
;     -- 4 input functions                    ; 0     ;
;     -- <=3 input functions                  ; 0     ;
;                                             ;       ;
; Dedicated logic registers                   ; 0     ;
;                                             ;       ;
; I/O pins                                    ; 2     ;
;                                             ;       ;
; Total DSP Blocks                            ; 0     ;
;                                             ;       ;
; Maximum fan-out node                        ; reset ;
; Maximum fan-out                             ; 1     ;
; Total fan-out                               ; 2     ;
; Average fan-out                             ; 0.50  ;
+---------------------------------------------+-------+


+----------------------------------------------------------------------------------------------------------------------------------------------------------------------------------------+
; Analysis & Synthesis Resource Utilization by Entity                                                                                                                                    ;
+----------------------------+---------------------+---------------------------+-------------------+------------+------+--------------+---------------------+-------------+--------------+
; Compilation Hierarchy Node ; Combinational ALUTs ; Dedicated Logic Registers ; Block Memory Bits ; DSP Blocks ; Pins ; Virtual Pins ; Full Hierarchy Name ; Entity Name ; Library Name ;
+----------------------------+---------------------+---------------------------+-------------------+------------+------+--------------+---------------------+-------------+--------------+
; |cpu                       ; 0 (0)               ; 0 (0)                     ; 0                 ; 0          ; 2    ; 0            ; |cpu                ; cpu         ; work         ;
+----------------------------+---------------------+---------------------------+-------------------+------------+------+--------------+---------------------+-------------+--------------+
Note: For table entries with two numbers listed, the numbers in parentheses indicate the number of resources of the given type used by the specific entity alone. The numbers listed outside of parentheses indicate the total resources of the given type used by the specific entity and all of its sub-entities in the hierarchy.


+------------------------------------------------------------------------------------------------------------+
; Analysis & Synthesis IP Cores Summary                                                                      ;
+--------+--------------+---------+--------------+--------------+--------------------------+-----------------+
; Vendor ; IP Core Name ; Version ; Release Date ; License Type ; Entity Instance          ; IP Include File ;
+--------+--------------+---------+--------------+--------------+--------------------------+-----------------+
; Altera ; RAM: 1-PORT  ; 21.1    ; N/A          ; N/A          ; |cpu|memoria:memory_inst ; memoria.vhd     ;
+--------+--------------+---------+--------------+--------------+--------------------------+-----------------+


Encoding Type:  One-Hot
+-------------------------------------------------------------------------------------------------------------------------------------+
; State Machine - |cpu|state_alu_monitor                                                                                              ;
+-----------------------------------+-------------------------+-----------------------------------+-----------------------------------+
; Name                              ; state_alu_monitor.ready ; state_alu_monitor.fetch_operand_B ; state_alu_monitor.fetch_operand_A ;
+-----------------------------------+-------------------------+-----------------------------------+-----------------------------------+
; state_alu_monitor.fetch_operand_A ; 0                       ; 0                                 ; 0                                 ;
; state_alu_monitor.fetch_operand_B ; 0                       ; 1                                 ; 1                                 ;
; state_alu_monitor.ready           ; 1                       ; 0                                 ; 1                                 ;
+-----------------------------------+-------------------------+-----------------------------------+-----------------------------------+


Encoding Type:  One-Hot
+---------------------------------------------------------------------------------------------------------------------------------------------------------------------------------+
; State Machine - |cpu|state_monitor                                                                                                                                              ;
+---------------------------+--------------------------+-------------------------+-----------------------+---------------------------+----------------------+---------------------+
; Name                      ; state_monitor.fetch_wait ; state_monitor.wait_read ; state_monitor.execute ; state_monitor.decode_wait ; state_monitor.decode ; state_monitor.fetch ;
+---------------------------+--------------------------+-------------------------+-----------------------+---------------------------+----------------------+---------------------+
; state_monitor.fetch       ; 0                        ; 0                       ; 0                     ; 0                         ; 0                    ; 0                   ;
; state_monitor.decode      ; 0                        ; 0                       ; 0                     ; 0                         ; 1                    ; 1                   ;
; state_monitor.decode_wait ; 0                        ; 0                       ; 0                     ; 1                         ; 0                    ; 1                   ;
; state_monitor.execute     ; 0                        ; 0                       ; 1                     ; 0                         ; 0                    ; 1                   ;
; state_monitor.wait_read   ; 0                        ; 1                       ; 0                     ; 0                         ; 0                    ; 1                   ;
; state_monitor.fetch_wait  ; 1                        ; 0                       ; 0                     ; 0                         ; 0                    ; 1                   ;
+---------------------------+--------------------------+-------------------------+-----------------------+---------------------------+----------------------+---------------------+


Encoding Type:  One-Hot
+-----------------------------------------------------------------------------------------------------+
; State Machine - |cpu|alu_state                                                                      ;
+---------------------------+-----------------+---------------------------+---------------------------+
; Name                      ; alu_state.ready ; alu_state.fetch_operand_B ; alu_state.fetch_operand_A ;
+---------------------------+-----------------+---------------------------+---------------------------+
; alu_state.fetch_operand_A ; 0               ; 0                         ; 0                         ;
; alu_state.fetch_operand_B ; 0               ; 1                         ; 1                         ;
; alu_state.ready           ; 1               ; 0                         ; 1                         ;
+---------------------------+-----------------+---------------------------+---------------------------+


Encoding Type:  One-Hot
+-------------------------------------------------------------------------------------------------------------------------+
; State Machine - |cpu|state                                                                                              ;
+-------------------+------------------+-----------------+---------------+-------------------+--------------+-------------+
; Name              ; state.fetch_wait ; state.wait_read ; state.execute ; state.decode_wait ; state.decode ; state.fetch ;
+-------------------+------------------+-----------------+---------------+-------------------+--------------+-------------+
; state.fetch       ; 0                ; 0               ; 0             ; 0                 ; 0            ; 0           ;
; state.decode      ; 0                ; 0               ; 0             ; 0                 ; 1            ; 1           ;
; state.decode_wait ; 0                ; 0               ; 0             ; 1                 ; 0            ; 1           ;
; state.execute     ; 0                ; 0               ; 1             ; 0                 ; 0            ; 1           ;
; state.wait_read   ; 0                ; 1               ; 0             ; 0                 ; 0            ; 1           ;
; state.fetch_wait  ; 1                ; 0               ; 0             ; 0                 ; 0            ; 1           ;
+-------------------+------------------+-----------------+---------------+-------------------+--------------+-------------+


+-------------------------------------------------------------+
; Registers Removed During Synthesis                          ;
+----------------------------------------+--------------------+
; Register name                          ; Reason for Removal ;
+----------------------------------------+--------------------+
; botao_despressionado                   ; Lost fanout        ;
; state_alu_monitor.fetch_operand_A      ; Lost fanout        ;
; state_alu_monitor.fetch_operand_B      ; Lost fanout        ;
; state_alu_monitor.ready                ; Lost fanout        ;
; state_monitor.fetch                    ; Lost fanout        ;
; state_monitor.decode                   ; Lost fanout        ;
; state_monitor.decode_wait              ; Lost fanout        ;
; state_monitor.execute                  ; Lost fanout        ;
; state_monitor.wait_read                ; Lost fanout        ;
; state_monitor.fetch_wait               ; Lost fanout        ;
; IR[4..7]                               ; Lost fanout        ;
; mem_wren                               ; Lost fanout        ;
; IR[0..3]                               ; Lost fanout        ;
; read                                   ; Lost fanout        ;
; mem_data_in[4]                         ; Lost fanout        ;
; address_bus[0..7]                      ; Lost fanout        ;
; mem_data_in[0..3,5..7]                 ; Lost fanout        ;
; A[4]                                   ; Lost fanout        ;
; B[4]                                   ; Lost fanout        ;
; R[4]                                   ; Lost fanout        ;
; PC[0..7]                               ; Lost fanout        ;
; A[5]                                   ; Lost fanout        ;
; B[5]                                   ; Lost fanout        ;
; R[5]                                   ; Lost fanout        ;
; A[6]                                   ; Lost fanout        ;
; B[6]                                   ; Lost fanout        ;
; R[6]                                   ; Lost fanout        ;
; A[7]                                   ; Lost fanout        ;
; B[7]                                   ; Lost fanout        ;
; R[7]                                   ; Lost fanout        ;
; A[2]                                   ; Lost fanout        ;
; B[2]                                   ; Lost fanout        ;
; R[2]                                   ; Lost fanout        ;
; A[3]                                   ; Lost fanout        ;
; B[3]                                   ; Lost fanout        ;
; R[3]                                   ; Lost fanout        ;
; A[1]                                   ; Lost fanout        ;
; B[1]                                   ; Lost fanout        ;
; R[1]                                   ; Lost fanout        ;
; A[0]                                   ; Lost fanout        ;
; B[0]                                   ; Lost fanout        ;
; R[0]                                   ; Lost fanout        ;
; op_a[4]                                ; Lost fanout        ;
; op_b[0..7]                             ; Lost fanout        ;
; op_a[0..3,5..7]                        ; Lost fanout        ;
; equal_flag                             ; Lost fanout        ;
; sign_flag                              ; Lost fanout        ;
; alu_state.fetch_operand_A              ; Lost fanout        ;
; alu_state.fetch_operand_B              ; Lost fanout        ;
; alu_state.ready                        ; Lost fanout        ;
; state.fetch                            ; Lost fanout        ;
; state.decode                           ; Lost fanout        ;
; state.decode_wait                      ; Lost fanout        ;
; state.execute                          ; Lost fanout        ;
; state.wait_read                        ; Lost fanout        ;
; state.fetch_wait                       ; Lost fanout        ;
; Total Number of Removed Registers = 95 ;                    ;
+----------------------------------------+--------------------+


+-----------------------------------------------------------------------------------------------------------------------------------------------------------------+
; Removed Registers Triggering Further Register Optimizations                                                                                                     ;
+-----------------------------------+--------------------+--------------------------------------------------------------------------------------------------------+
; Register name                     ; Reason for Removal ; Registers Removed due to This Register                                                                 ;
+-----------------------------------+--------------------+--------------------------------------------------------------------------------------------------------+
; botao_despressionado              ; Lost Fanouts       ; IR[4], IR[6], IR[7], mem_wren, IR[1], IR[0], mem_data_in[4], address_bus[0], address_bus[1],           ;
;                                   ;                    ; address_bus[2], address_bus[3], address_bus[4], mem_data_in[6], mem_data_in[7],                        ;
;                                   ;                    ; mem_data_in[1], mem_data_in[0], A[4], B[4], R[4], PC[0], PC[4], PC[3], PC[2], PC[1], A[6], B[6], R[6], ;
;                                   ;                    ; A[7], B[7], R[7], A[1], B[1], R[1], A[0], B[0], R[0], op_a[4], op_a[0], op_a[1], op_a[6], op_a[7],     ;
;                                   ;                    ; equal_flag, sign_flag                                                                                  ;
; IR[5]                             ; Lost Fanouts       ; mem_data_in[5], A[5], B[5], R[5], op_a[5]                                                              ;
; IR[2]                             ; Lost Fanouts       ; mem_data_in[2], A[2], B[2], R[2], op_a[2]                                                              ;
; IR[3]                             ; Lost Fanouts       ; mem_data_in[3], A[3], B[3], R[3], op_a[3]                                                              ;
; state_alu_monitor.fetch_operand_A ; Lost Fanouts       ; alu_state.fetch_operand_A, alu_state.ready                                                             ;
; state_monitor.execute             ; Lost Fanouts       ; state.decode_wait, state.wait_read                                                                     ;
; state_alu_monitor.fetch_operand_B ; Lost Fanouts       ; alu_state.fetch_operand_B                                                                              ;
; state_monitor.fetch               ; Lost Fanouts       ; state.execute                                                                                          ;
; state_monitor.decode              ; Lost Fanouts       ; state.fetch_wait                                                                                       ;
; state_monitor.decode_wait         ; Lost Fanouts       ; state.decode                                                                                           ;
; state_monitor.fetch_wait          ; Lost Fanouts       ; state.fetch                                                                                            ;
; address_bus[5]                    ; Lost Fanouts       ; PC[5]                                                                                                  ;
; address_bus[6]                    ; Lost Fanouts       ; PC[6]                                                                                                  ;
; address_bus[7]                    ; Lost Fanouts       ; PC[7]                                                                                                  ;
+-----------------------------------+--------------------+--------------------------------------------------------------------------------------------------------+


+------------------------------------------------------+
; General Register Statistics                          ;
+----------------------------------------------+-------+
; Statistic                                    ; Value ;
+----------------------------------------------+-------+
; Total registers                              ; 0     ;
; Number of registers using Synchronous Clear  ; 0     ;
; Number of registers using Synchronous Load   ; 0     ;
; Number of registers using Asynchronous Clear ; 0     ;
; Number of registers using Asynchronous Load  ; 0     ;
; Number of registers using Clock Enable       ; 0     ;
; Number of registers using Preset             ; 0     ;
+----------------------------------------------+-------+


+------------------------------------------------------------------------------------------------------------------------------------------+
; Multiplexer Restructuring Statistics (Restructuring Performed)                                                                           ;
+--------------------+-----------+---------------+----------------------+------------------------+------------+----------------------------+
; Multiplexer Inputs ; Bus Width ; Baseline Area ; Area if Restructured ; Saving if Restructured ; Registered ; Example Multiplexer Output ;
+--------------------+-----------+---------------+----------------------+------------------------+------------+----------------------------+
; 3:1                ; 8 bits    ; 16 LEs        ; 0 LEs                ; 16 LEs                 ; Yes        ; |cpu|IR[3]                 ;
; 5:1                ; 8 bits    ; 24 LEs        ; 16 LEs               ; 8 LEs                  ; Yes        ; |cpu|mem_data_in[7]        ;
; 6:1                ; 8 bits    ; 32 LEs        ; 0 LEs                ; 32 LEs                 ; Yes        ; |cpu|op_b[4]               ;
; 9:1                ; 8 bits    ; 48 LEs        ; 16 LEs               ; 32 LEs                 ; Yes        ; |cpu|op_a[7]               ;
; 20:1               ; 8 bits    ; 104 LEs       ; 0 LEs                ; 104 LEs                ; Yes        ; |cpu|A[2]                  ;
; 20:1               ; 8 bits    ; 104 LEs       ; 0 LEs                ; 104 LEs                ; Yes        ; |cpu|B[2]                  ;
; 21:1               ; 8 bits    ; 112 LEs       ; 16 LEs               ; 96 LEs                 ; Yes        ; |cpu|address_bus[0]        ;
; 17:1               ; 2 bits    ; 22 LEs        ; 16 LEs               ; 6 LEs                  ; Yes        ; |cpu|sign_flag             ;
; 30:1               ; 8 bits    ; 160 LEs       ; 32 LEs               ; 128 LEs                ; Yes        ; |cpu|R[2]                  ;
; 23:1               ; 8 bits    ; 120 LEs       ; 0 LEs                ; 120 LEs                ; Yes        ; |cpu|PC[3]                 ;
; 4:1                ; 8 bits    ; 16 LEs        ; 16 LEs               ; 0 LEs                  ; No         ; |cpu|Mux136                ;
; 7:1                ; 3 bits    ; 12 LEs        ; 3 LEs                ; 9 LEs                  ; No         ; |cpu|alu_state             ;
; 17:1               ; 3 bits    ; 33 LEs        ; 15 LEs               ; 18 LEs                 ; No         ; |cpu|Mux162                ;
; 1:1                ; 8 bits    ; 0 LEs         ; 0 LEs                ; 0 LEs                  ; No         ; |cpu|alu:alu_inst|Add0     ;
+--------------------+-----------+---------------+----------------------+------------------------+------------+----------------------------+


+-----------------------------------------------------------------------------------------------------------+
; Source assignments for memoria:memory_inst|altsyncram:altsyncram_component|altsyncram_ve34:auto_generated ;
+---------------------------------+--------------------+------+---------------------------------------------+
; Assignment                      ; Value              ; From ; To                                          ;
+---------------------------------+--------------------+------+---------------------------------------------+
; OPTIMIZE_POWER_DURING_SYNTHESIS ; NORMAL_COMPILATION ; -    ; -                                           ;
+---------------------------------+--------------------+------+---------------------------------------------+


+--------------------------------------------------------------------------------------------------+
; Parameter Settings for User Entity Instance: memoria:memory_inst|altsyncram:altsyncram_component ;
+------------------------------------+--------------------------+----------------------------------+
; Parameter Name                     ; Value                    ; Type                             ;
+------------------------------------+--------------------------+----------------------------------+
; BYTE_SIZE_BLOCK                    ; 8                        ; Untyped                          ;
; AUTO_CARRY_CHAINS                  ; ON                       ; AUTO_CARRY                       ;
; IGNORE_CARRY_BUFFERS               ; OFF                      ; IGNORE_CARRY                     ;
; AUTO_CASCADE_CHAINS                ; ON                       ; AUTO_CASCADE                     ;
; IGNORE_CASCADE_BUFFERS             ; OFF                      ; IGNORE_CASCADE                   ;
; WIDTH_BYTEENA                      ; 1                        ; Untyped                          ;
; OPERATION_MODE                     ; SINGLE_PORT              ; Untyped                          ;
; WIDTH_A                            ; 8                        ; Signed Integer                   ;
; WIDTHAD_A                          ; 8                        ; Signed Integer                   ;
; NUMWORDS_A                         ; 256                      ; Signed Integer                   ;
; OUTDATA_REG_A                      ; UNREGISTERED             ; Untyped                          ;
; ADDRESS_ACLR_A                     ; NONE                     ; Untyped                          ;
; OUTDATA_ACLR_A                     ; NONE                     ; Untyped                          ;
; WRCONTROL_ACLR_A                   ; NONE                     ; Untyped                          ;
; INDATA_ACLR_A                      ; NONE                     ; Untyped                          ;
; BYTEENA_ACLR_A                     ; NONE                     ; Untyped                          ;
; WIDTH_B                            ; 1                        ; Signed Integer                   ;
; WIDTHAD_B                          ; 1                        ; Signed Integer                   ;
; NUMWORDS_B                         ; 0                        ; Signed Integer                   ;
; INDATA_REG_B                       ; CLOCK1                   ; Untyped                          ;
; WRCONTROL_WRADDRESS_REG_B          ; CLOCK1                   ; Untyped                          ;
; RDCONTROL_REG_B                    ; CLOCK1                   ; Untyped                          ;
; ADDRESS_REG_B                      ; CLOCK1                   ; Untyped                          ;
; OUTDATA_REG_B                      ; UNREGISTERED             ; Untyped                          ;
; BYTEENA_REG_B                      ; CLOCK1                   ; Untyped                          ;
; INDATA_ACLR_B                      ; NONE                     ; Untyped                          ;
; WRCONTROL_ACLR_B                   ; NONE                     ; Untyped                          ;
; ADDRESS_ACLR_B                     ; NONE                     ; Untyped                          ;
; OUTDATA_ACLR_B                     ; NONE                     ; Untyped                          ;
; RDCONTROL_ACLR_B                   ; NONE                     ; Untyped                          ;
; BYTEENA_ACLR_B                     ; NONE                     ; Untyped                          ;
; WIDTH_BYTEENA_A                    ; 1                        ; Signed Integer                   ;
; WIDTH_BYTEENA_B                    ; 1                        ; Signed Integer                   ;
; RAM_BLOCK_TYPE                     ; M10K                     ; Untyped                          ;
; BYTE_SIZE                          ; 8                        ; Signed Integer                   ;
; READ_DURING_WRITE_MODE_MIXED_PORTS ; DONT_CARE                ; Untyped                          ;
; READ_DURING_WRITE_MODE_PORT_A      ; NEW_DATA_NO_NBE_READ     ; Untyped                          ;
; READ_DURING_WRITE_MODE_PORT_B      ; NEW_DATA_NO_NBE_READ     ; Untyped                          ;
; INIT_FILE                          ; C:\cpu\memoria_dados.mif ; Untyped                          ;
; INIT_FILE_LAYOUT                   ; PORT_A                   ; Untyped                          ;
; MAXIMUM_DEPTH                      ; 0                        ; Signed Integer                   ;
; CLOCK_ENABLE_INPUT_A               ; BYPASS                   ; Untyped                          ;
; CLOCK_ENABLE_INPUT_B               ; NORMAL                   ; Untyped                          ;
; CLOCK_ENABLE_OUTPUT_A              ; BYPASS                   ; Untyped                          ;
; CLOCK_ENABLE_OUTPUT_B              ; NORMAL                   ; Untyped                          ;
; CLOCK_ENABLE_CORE_A                ; USE_INPUT_CLKEN          ; Untyped                          ;
; CLOCK_ENABLE_CORE_B                ; USE_INPUT_CLKEN          ; Untyped                          ;
; ENABLE_ECC                         ; FALSE                    ; Untyped                          ;
; ECC_PIPELINE_STAGE_ENABLED         ; FALSE                    ; Untyped                          ;
; WIDTH_ECCSTATUS                    ; 3                        ; Signed Integer                   ;
; DEVICE_FAMILY                      ; Cyclone V                ; Untyped                          ;
; CBXI_PARAMETER                     ; altsyncram_ve34          ; Untyped                          ;
+------------------------------------+--------------------------+----------------------------------+
Note: In order to hide this table in the UI and the text report file, please set the "Show Parameter Settings in Synthesis Report" option in "Analysis and Synthesis Settings -> More Settings" to "Off".


+-------------------------------------------------------------------------------------------------+
; altsyncram Parameter Settings by Entity Instance                                                ;
+-------------------------------------------+-----------------------------------------------------+
; Name                                      ; Value                                               ;
+-------------------------------------------+-----------------------------------------------------+
; Number of entity instances                ; 1                                                   ;
; Entity Instance                           ; memoria:memory_inst|altsyncram:altsyncram_component ;
;     -- OPERATION_MODE                     ; SINGLE_PORT                                         ;
;     -- WIDTH_A                            ; 8                                                   ;
;     -- NUMWORDS_A                         ; 256                                                 ;
;     -- OUTDATA_REG_A                      ; UNREGISTERED                                        ;
;     -- WIDTH_B                            ; 1                                                   ;
;     -- NUMWORDS_B                         ; 0                                                   ;
;     -- ADDRESS_REG_B                      ; CLOCK1                                              ;
;     -- OUTDATA_REG_B                      ; UNREGISTERED                                        ;
;     -- RAM_BLOCK_TYPE                     ; M10K                                                ;
;     -- READ_DURING_WRITE_MODE_MIXED_PORTS ; DONT_CARE                                           ;
+-------------------------------------------+-----------------------------------------------------+


+--------------------------------------------------------------------------------------------------------------------+
; Port Connectivity Checks: "io_module:io_inst"                                                                      ;
+----------+--------+----------+-------------------------------------------------------------------------------------+
; Port     ; Type   ; Severity ; Details                                                                             ;
+----------+--------+----------+-------------------------------------------------------------------------------------+
; led      ; Output ; Info     ; Connected to dangling logic. Logic that only feeds a dangling port will be removed. ;
; data_out ; Output ; Info     ; Connected to dangling logic. Logic that only feeds a dangling port will be removed. ;
+----------+--------+----------+-------------------------------------------------------------------------------------+


+---------------------------------------------------------------------------------------------------------------------+
; Port Connectivity Checks: "alu:alu_inst"                                                                            ;
+-----------+--------+----------+-------------------------------------------------------------------------------------+
; Port      ; Type   ; Severity ; Details                                                                             ;
+-----------+--------+----------+-------------------------------------------------------------------------------------+
; zero_flag ; Output ; Info     ; Connected to dangling logic. Logic that only feeds a dangling port will be removed. ;
+-----------+--------+----------+-------------------------------------------------------------------------------------+


+-----------------------------------------------------+
; Post-Synthesis Netlist Statistics for Top Partition ;
+-------------------+---------------------------------+
; Type              ; Count                           ;
+-------------------+---------------------------------+
; boundary_port     ; 2                               ;
;                   ;                                 ;
; Max LUT depth     ; 0.00                            ;
; Average LUT depth ; 0.00                            ;
+-------------------+---------------------------------+


+-------------------------------+
; Elapsed Time Per Partition    ;
+----------------+--------------+
; Partition Name ; Elapsed Time ;
+----------------+--------------+
; Top            ; 00:00:00     ;
+----------------+--------------+


+-------------------------------+
; Analysis & Synthesis Messages ;
+-------------------------------+
Info: *******************************************************************
Info: Running Quartus Prime Analysis & Synthesis
    Info: Version 21.1.0 Build 842 10/21/2021 SJ Lite Edition
    Info: Processing started: Mon Dec  2 17:08:32 2024
Info: Command: quartus_map --read_settings_files=on --write_settings_files=off cpu -c cpu
Warning (18236): Number of processors has not been specified which may cause overloading on shared machines.  Set the global assignment NUM_PARALLEL_PROCESSORS in your QSF to an appropriate value for best performance.
Info (20030): Parallel compilation is enabled and will use 12 of the 12 processors detected
Info (12021): Found 2 design units, including 1 entities, in source file cpu.vhd
    Info (12022): Found design unit 1: cpu-behavior File: C:/cpu/cpu.vhd Line: 12
    Info (12023): Found entity 1: cpu File: C:/cpu/cpu.vhd Line: 5
Info (12021): Found 2 design units, including 1 entities, in source file memoria.vhd
    Info (12022): Found design unit 1: memoria-SYN File: C:/cpu/memoria.vhd Line: 55
    Info (12023): Found entity 1: memoria File: C:/cpu/memoria.vhd Line: 43
Info (12021): Found 2 design units, including 1 entities, in source file testbench.vhd
    Info (12022): Found design unit 1: testbench-sim File: C:/cpu/testbench.vhd Line: 8
    Info (12023): Found entity 1: testbench File: C:/cpu/testbench.vhd Line: 5
Info (12021): Found 2 design units, including 1 entities, in source file alu.vhd
    Info (12022): Found design unit 1: alu-behavior File: C:/cpu/alu.vhd Line: 15
    Info (12023): Found entity 1: alu File: C:/cpu/alu.vhd Line: 5
Info (12021): Found 2 design units, including 1 entities, in source file io_module.vhd
    Info (12022): Found design unit 1: io_module-Behavioral File: C:/cpu/io_module.vhd Line: 17
    Info (12023): Found entity 1: io_module File: C:/cpu/io_module.vhd Line: 6
Info (12127): Elaborating entity "cpu" for the top level hierarchy
Warning (10036): Verilog HDL or VHDL warning at cpu.vhd(24): object "control_bus" assigned a value but never read File: C:/cpu/cpu.vhd Line: 24
Warning (10036): Verilog HDL or VHDL warning at cpu.vhd(37): object "alu_enable" assigned a value but never read File: C:/cpu/cpu.vhd Line: 37
Warning (10036): Verilog HDL or VHDL warning at cpu.vhd(47): object "zero_flag" assigned a value but never read File: C:/cpu/cpu.vhd Line: 47
Warning (10036): Verilog HDL or VHDL warning at cpu.vhd(60): object "io_data_out" assigned a value but never read File: C:/cpu/cpu.vhd Line: 60
Warning (10541): VHDL Signal Declaration warning at cpu.vhd(63): used implicit default value for signal "io_SW" because signal was never assigned a value or an explicit default value. Use of implicit default value may introduce unintended design optimizations. File: C:/cpu/cpu.vhd Line: 63
Warning (10541): VHDL Signal Declaration warning at cpu.vhd(64): used implicit default value for signal "io_BTN" because signal was never assigned a value or an explicit default value. Use of implicit default value may introduce unintended design optimizations. File: C:/cpu/cpu.vhd Line: 64
Warning (10036): Verilog HDL or VHDL warning at cpu.vhd(65): object "io_LED" assigned a value but never read File: C:/cpu/cpu.vhd Line: 65
Warning (10036): Verilog HDL or VHDL warning at cpu.vhd(70): object "state_monitor" assigned a value but never read File: C:/cpu/cpu.vhd Line: 70
Warning (10036): Verilog HDL or VHDL warning at cpu.vhd(71): object "state_alu_monitor" assigned a value but never read File: C:/cpu/cpu.vhd Line: 71
Info (12128): Elaborating entity "memoria" for hierarchy "memoria:memory_inst" File: C:/cpu/cpu.vhd Line: 76
Info (12128): Elaborating entity "altsyncram" for hierarchy "memoria:memory_inst|altsyncram:altsyncram_component" File: C:/cpu/memoria.vhd Line: 62
Info (12130): Elaborated megafunction instantiation "memoria:memory_inst|altsyncram:altsyncram_component" File: C:/cpu/memoria.vhd Line: 62
Info (12133): Instantiated megafunction "memoria:memory_inst|altsyncram:altsyncram_component" with the following parameter: File: C:/cpu/memoria.vhd Line: 62
    Info (12134): Parameter "address_aclr_a" = "UNUSED"
    Info (12134): Parameter "address_aclr_b" = "NONE"
    Info (12134): Parameter "address_reg_b" = "CLOCK1"
    Info (12134): Parameter "byte_size" = "8"
    Info (12134): Parameter "byteena_aclr_a" = "UNUSED"
    Info (12134): Parameter "byteena_aclr_b" = "NONE"
    Info (12134): Parameter "byteena_reg_b" = "CLOCK1"
    Info (12134): Parameter "clock_enable_core_a" = "USE_INPUT_CLKEN"
    Info (12134): Parameter "clock_enable_core_b" = "USE_INPUT_CLKEN"
    Info (12134): Parameter "clock_enable_input_a" = "BYPASS"
    Info (12134): Parameter "clock_enable_input_b" = "NORMAL"
    Info (12134): Parameter "clock_enable_output_a" = "BYPASS"
    Info (12134): Parameter "clock_enable_output_b" = "NORMAL"
    Info (12134): Parameter "intended_device_family" = "Cyclone V"
    Info (12134): Parameter "ecc_pipeline_stage_enabled" = "FALSE"
    Info (12134): Parameter "enable_ecc" = "FALSE"
    Info (12134): Parameter "implement_in_les" = "OFF"
    Info (12134): Parameter "indata_aclr_a" = "UNUSED"
    Info (12134): Parameter "indata_aclr_b" = "NONE"
    Info (12134): Parameter "indata_reg_b" = "CLOCK1"
    Info (12134): Parameter "init_file" = "C:\cpu\memoria_dados.mif"
    Info (12134): Parameter "init_file_layout" = "PORT_A"
    Info (12134): Parameter "maximum_depth" = "0"
    Info (12134): Parameter "numwords_a" = "256"
    Info (12134): Parameter "numwords_b" = "0"
    Info (12134): Parameter "operation_mode" = "SINGLE_PORT"
    Info (12134): Parameter "outdata_aclr_a" = "NONE"
    Info (12134): Parameter "outdata_aclr_b" = "NONE"
    Info (12134): Parameter "outdata_reg_a" = "UNREGISTERED"
    Info (12134): Parameter "outdata_reg_b" = "UNREGISTERED"
    Info (12134): Parameter "power_up_uninitialized" = "FALSE"
    Info (12134): Parameter "ram_block_type" = "M10K"
    Info (12134): Parameter "rdcontrol_aclr_b" = "NONE"
    Info (12134): Parameter "rdcontrol_reg_b" = "CLOCK1"
    Info (12134): Parameter "read_during_write_mode_mixed_ports" = "DONT_CARE"
    Info (12134): Parameter "read_during_write_mode_port_a" = "NEW_DATA_NO_NBE_READ"
    Info (12134): Parameter "read_during_write_mode_port_b" = "NEW_DATA_NO_NBE_READ"
    Info (12134): Parameter "stratixiv_m144k_allow_dual_clocks" = "ON"
    Info (12134): Parameter "width_a" = "8"
    Info (12134): Parameter "width_b" = "1"
    Info (12134): Parameter "width_byteena_a" = "1"
    Info (12134): Parameter "width_byteena_b" = "1"
    Info (12134): Parameter "width_eccstatus" = "3"
    Info (12134): Parameter "widthad_a" = "8"
    Info (12134): Parameter "widthad_b" = "1"
    Info (12134): Parameter "wrcontrol_aclr_a" = "UNUSED"
    Info (12134): Parameter "wrcontrol_aclr_b" = "NONE"
    Info (12134): Parameter "wrcontrol_wraddress_reg_b" = "CLOCK1"
    Info (12134): Parameter "lpm_hint" = "ENABLE_RUNTIME_MOD=NO"
    Info (12134): Parameter "lpm_type" = "altsyncram"
Info (12021): Found 1 design units, including 1 entities, in source file db/altsyncram_ve34.tdf
    Info (12023): Found entity 1: altsyncram_ve34 File: C:/cpu/db/altsyncram_ve34.tdf Line: 28
Info (12128): Elaborating entity "altsyncram_ve34" for hierarchy "memoria:memory_inst|altsyncram:altsyncram_component|altsyncram_ve34:auto_generated" File: c:/intelfpga_lite/21.1/quartus/libraries/megafunctions/altsyncram.tdf Line: 792
Info (12128): Elaborating entity "alu" for hierarchy "alu:alu_inst" File: C:/cpu/cpu.vhd Line: 86
Warning (10492): VHDL Process Statement warning at alu.vhd(43): signal "result" is read inside the Process Statement but isn't in the Process Statement's sensitivity list File: C:/cpu/alu.vhd Line: 43
Warning (10620): VHDL warning at alu.vhd(43): comparison between unequal length operands always returns FALSE File: C:/cpu/alu.vhd Line: 43
Info (12128): Elaborating entity "io_module" for hierarchy "io_module:io_inst" File: C:/cpu/cpu.vhd Line: 96
Warning (14284): Synthesized away the following node(s):
    Warning (14285): Synthesized away the following RAM node(s):
        Warning (14320): Synthesized away node "memoria:memory_inst|altsyncram:altsyncram_component|altsyncram_ve34:auto_generated|q_a[4]" File: C:/cpu/db/altsyncram_ve34.tdf Line: 133
        Warning (14320): Synthesized away node "memoria:memory_inst|altsyncram:altsyncram_component|altsyncram_ve34:auto_generated|q_a[5]" File: C:/cpu/db/altsyncram_ve34.tdf Line: 157
        Warning (14320): Synthesized away node "memoria:memory_inst|altsyncram:altsyncram_component|altsyncram_ve34:auto_generated|q_a[6]" File: C:/cpu/db/altsyncram_ve34.tdf Line: 181
        Warning (14320): Synthesized away node "memoria:memory_inst|altsyncram:altsyncram_component|altsyncram_ve34:auto_generated|q_a[7]" File: C:/cpu/db/altsyncram_ve34.tdf Line: 205
        Warning (14320): Synthesized away node "memoria:memory_inst|altsyncram:altsyncram_component|altsyncram_ve34:auto_generated|q_a[2]" File: C:/cpu/db/altsyncram_ve34.tdf Line: 85
        Warning (14320): Synthesized away node "memoria:memory_inst|altsyncram:altsyncram_component|altsyncram_ve34:auto_generated|q_a[3]" File: C:/cpu/db/altsyncram_ve34.tdf Line: 109
        Warning (14320): Synthesized away node "memoria:memory_inst|altsyncram:altsyncram_component|altsyncram_ve34:auto_generated|q_a[1]" File: C:/cpu/db/altsyncram_ve34.tdf Line: 61
        Warning (14320): Synthesized away node "memoria:memory_inst|altsyncram:altsyncram_component|altsyncram_ve34:auto_generated|q_a[0]" File: C:/cpu/db/altsyncram_ve34.tdf Line: 37
Info (17049): 95 registers lost all their fanouts during netlist optimizations.
Info (16010): Generating hard_block partition "hard_block:auto_generated_inst"
    Info (16011): Adding 0 node(s), including 0 DDIO, 0 PLL, 0 transceiver and 0 LCELL
Warning (21074): Design contains 2 input pin(s) that do not drive logic
    Warning (15610): No output dependent on input pin "reset" File: C:/cpu/cpu.vhd Line: 8
    Warning (15610): No output dependent on input pin "clk" File: C:/cpu/cpu.vhd Line: 7
Info (21057): Implemented 2 device resources after synthesis - the final resource count might be different
    Info (21058): Implemented 2 input pins
    Info (21059): Implemented 0 output pins
Info: Quartus Prime Analysis & Synthesis was successful. 0 errors, 25 warnings
    Info: Peak virtual memory: 4874 megabytes
    Info: Processing ended: Mon Dec  2 17:08:40 2024
    Info: Elapsed time: 00:00:08
    Info: Total CPU time (on all processors): 00:00:11


